<?xml version="1.0" encoding="UTF-8"?>
<testsuite xmlns:xsi="http://www.w3.org/2001/XMLSchema-instance" xsi:noNamespaceSchemaLocation="https://maven.apache.org/surefire/maven-surefire-plugin/xsd/surefire-test-report-3.0.xsd" version="3.0" name="org.acme.quarkus.scala.three.test.QuarkusScalaThreeTest" time="1.51" tests="1" errors="0" skipped="0" failures="0">
  <properties>
[...]
</properties>
  <testcase name="writeYourOwnUnitTest" classname="org.acme.quarkus.scala.three.test.QuarkusScalaThreeTest" time="0.002">
    <system-out><![CDATA[2021-06-30 21:13:50,375 INFO  [io.quarkus] (main) Quarkus 2.0.0.Final on JVM started in 0.097s. 
2021-06-30 21:13:50,376 INFO  [io.quarkus] (main) Profile test activated. 
2021-06-30 21:13:50,376 INFO  [io.quarkus] (main) Installed features: [cdi]
]]></system-out>
  </testcase>
</testsuite>